19:46:34.458 karate.env system property was: null 
19:46:34.512 request:
1 > GET https://swapi.dev/api/people
1 > Accept-Encoding: gzip,deflate
1 > Connection: Keep-Alive
1 > Host: swapi.dev
1 > User-Agent: Apache-HttpClient/4.5.5 (Java/11.0.9)

19:46:34.986 response time in milliseconds: 473.59
1 < 301
1 < Connection: keep-alive
1 < Content-Type: text/html; charset=utf-8
1 < Date: Wed, 30 Dec 2020 00:46:34 GMT
1 < ETag: "d41d8cd98f00b204e9800998ecf8427e"
1 < Location: http://swapi.dev/api/people/
1 < Server: nginx/1.16.1
1 < Strict-Transport-Security: max-age=15768000
1 < Transfer-Encoding: chunked
1 < X-Frame-Options: SAMEORIGIN


19:46:34.989 request:
2 > GET https://swapi.dev/api/people
2 > Accept-Encoding: gzip,deflate
2 > Connection: Keep-Alive
2 > Host: swapi.dev
2 > User-Agent: Apache-HttpClient/4.5.5 (Java/11.0.9)

19:46:35.203 response time in milliseconds: 212.08
2 < 301
2 < Connection: keep-alive
2 < Content-Length: 169
2 < Content-Type: text/html
2 < Date: Wed, 30 Dec 2020 00:46:35 GMT
2 < Location: https://swapi.dev/api/people/
2 < Server: nginx/1.16.1
<html>
<head><title>301 Moved Permanently</title></head>
<body>
<center><h1>301 Moved Permanently</h1></center>
<hr><center>nginx/1.16.1</center>
</body>
</html>


19:46:35.204 request:
3 > GET https://swapi.dev/api/people
3 > Accept-Encoding: gzip,deflate
3 > Connection: Keep-Alive
3 > Host: swapi.dev
3 > User-Agent: Apache-HttpClient/4.5.5 (Java/11.0.9)

19:46:35.488 response time in milliseconds: 275.84
3 < 200
3 < Allow: GET, HEAD, OPTIONS
3 < Connection: keep-alive
3 < Content-Type: application/json
3 < Date: Wed, 30 Dec 2020 00:46:35 GMT
3 < ETag: "35e90fa80df5a1200859818a74a65a4e"
3 < Server: nginx/1.16.1
3 < Strict-Transport-Security: max-age=15768000
3 < Transfer-Encoding: chunked
3 < Vary: Accept, Cookie
3 < X-Frame-Options: SAMEORIGIN
{"count":82,"next":"http://swapi.dev/api/people/?page=2","previous":null,"results":[{"name":"Luke Skywalker","height":"172","mass":"77","hair_color":"blond","skin_color":"fair","eye_color":"blue","birth_year":"19BBY","gender":"male","homeworld":"http://swapi.dev/api/planets/1/","films":["http://swapi.dev/api/films/1/","http://swapi.dev/api/films/2/","http://swapi.dev/api/films/3/","http://swapi.dev/api/films/6/"],"species":[],"vehicles":["http://swapi.dev/api/vehicles/14/","http://swapi.dev/api/vehicles/30/"],"starships":["http://swapi.dev/api/starships/12/","http://swapi.dev/api/starships/22/"],"created":"2014-12-09T13:50:51.644000Z","edited":"2014-12-20T21:17:56.891000Z","url":"http://swapi.dev/api/people/1/"},{"name":"C-3PO","height":"167","mass":"75","hair_color":"n/a","skin_color":"gold","eye_color":"yellow","birth_year":"112BBY","gender":"n/a","homeworld":"http://swapi.dev/api/planets/1/","films":["http://swapi.dev/api/films/1/","http://swapi.dev/api/films/2/","http://swapi.dev/api/films/3/","http://swapi.dev/api/films/4/","http://swapi.dev/api/films/5/","http://swapi.dev/api/films/6/"],"species":["http://swapi.dev/api/species/2/"],"vehicles":[],"starships":[],"created":"2014-12-10T15:10:51.357000Z","edited":"2014-12-20T21:17:50.309000Z","url":"http://swapi.dev/api/people/2/"},{"name":"R2-D2","height":"96","mass":"32","hair_color":"n/a","skin_color":"white, blue","eye_color":"red","birth_year":"33BBY","gender":"n/a","homeworld":"http://swapi.dev/api/planets/8/","films":["http://swapi.dev/api/films/1/","http://swapi.dev/api/films/2/","http://swapi.dev/api/films/3/","http://swapi.dev/api/films/4/","http://swapi.dev/api/films/5/","http://swapi.dev/api/films/6/"],"species":["http://swapi.dev/api/species/2/"],"vehicles":[],"starships":[],"created":"2014-12-10T15:11:50.376000Z","edited":"2014-12-20T21:17:50.311000Z","url":"http://swapi.dev/api/people/3/"},{"name":"Darth Vader","height":"202","mass":"136","hair_color":"none","skin_color":"white","eye_color":"yellow","birth_year":"41.9BBY","gender":"male","homeworld":"http://swapi.dev/api/planets/1/","films":["http://swapi.dev/api/films/1/","http://swapi.dev/api/films/2/","http://swapi.dev/api/films/3/","http://swapi.dev/api/films/6/"],"species":[],"vehicles":[],"starships":["http://swapi.dev/api/starships/13/"],"created":"2014-12-10T15:18:20.704000Z","edited":"2014-12-20T21:17:50.313000Z","url":"http://swapi.dev/api/people/4/"},{"name":"Leia Organa","height":"150","mass":"49","hair_color":"brown","skin_color":"light","eye_color":"brown","birth_year":"19BBY","gender":"female","homeworld":"http://swapi.dev/api/planets/2/","films":["http://swapi.dev/api/films/1/","http://swapi.dev/api/films/2/","http://swapi.dev/api/films/3/","http://swapi.dev/api/films/6/"],"species":[],"vehicles":["http://swapi.dev/api/vehicles/30/"],"starships":[],"created":"2014-12-10T15:20:09.791000Z","edited":"2014-12-20T21:17:50.315000Z","url":"http://swapi.dev/api/people/5/"},{"name":"Owen Lars","height":"178","mass":"120","hair_color":"brown, grey","skin_color":"light","eye_color":"blue","birth_year":"52BBY","gender":"male","homeworld":"http://swapi.dev/api/planets/1/","films":["http://swapi.dev/api/films/1/","http://swapi.dev/api/films/5/","http://swapi.dev/api/films/6/"],"species":[],"vehicles":[],"starships":[],"created":"2014-12-10T15:52:14.024000Z","edited":"2014-12-20T21:17:50.317000Z","url":"http://swapi.dev/api/people/6/"},{"name":"Beru Whitesun lars","height":"165","mass":"75","hair_color":"brown","skin_color":"light","eye_color":"blue","birth_year":"47BBY","gender":"female","homeworld":"http://swapi.dev/api/planets/1/","films":["http://swapi.dev/api/films/1/","http://swapi.dev/api/films/5/","http://swapi.dev/api/films/6/"],"species":[],"vehicles":[],"starships":[],"created":"2014-12-10T15:53:41.121000Z","edited":"2014-12-20T21:17:50.319000Z","url":"http://swapi.dev/api/people/7/"},{"name":"R5-D4","height":"97","mass":"32","hair_color":"n/a","skin_color":"white, red","eye_color":"red","birth_year":"unknown","gender":"n/a","homeworld":"http://swapi.dev/api/planets/1/","films":["http://swapi.dev/api/films/1/"],"species":["http://swapi.dev/api/species/2/"],"vehicles":[],"starships":[],"created":"2014-12-10T15:57:50.959000Z","edited":"2014-12-20T21:17:50.321000Z","url":"http://swapi.dev/api/people/8/"},{"name":"Biggs Darklighter","height":"183","mass":"84","hair_color":"black","skin_color":"light","eye_color":"brown","birth_year":"24BBY","gender":"male","homeworld":"http://swapi.dev/api/planets/1/","films":["http://swapi.dev/api/films/1/"],"species":[],"vehicles":[],"starships":["http://swapi.dev/api/starships/12/"],"created":"2014-12-10T15:59:50.509000Z","edited":"2014-12-20T21:17:50.323000Z","url":"http://swapi.dev/api/people/9/"},{"name":"Obi-Wan Kenobi","height":"182","mass":"77","hair_color":"auburn, white","skin_color":"fair","eye_color":"blue-gray","birth_year":"57BBY","gender":"male","homeworld":"http://swapi.dev/api/planets/20/","films":["http://swapi.dev/api/films/1/","http://swapi.dev/api/films/2/","http://swapi.dev/api/films/3/","http://swapi.dev/api/films/4/","http://swapi.dev/api/films/5/","http://swapi.dev/api/films/6/"],"species":[],"vehicles":["http://swapi.dev/api/vehicles/38/"],"starships":["http://swapi.dev/api/starships/48/","http://swapi.dev/api/starships/59/","http://swapi.dev/api/starships/64/","http://swapi.dev/api/starships/65/","http://swapi.dev/api/starships/74/"],"created":"2014-12-10T16:16:29.192000Z","edited":"2014-12-20T21:17:50.325000Z","url":"http://swapi.dev/api/people/10/"}]}

19:46:35.567 request:
4 > GET https://swapi.dev/api/people/1
4 > Accept-Encoding: gzip,deflate
4 > Connection: Keep-Alive
4 > Host: swapi.dev
4 > User-Agent: Apache-HttpClient/4.5.5 (Java/11.0.9)

19:46:36.062 response time in milliseconds: 493.93
4 < 301
4 < Connection: keep-alive
4 < Content-Type: text/html; charset=utf-8
4 < Date: Wed, 30 Dec 2020 00:46:36 GMT
4 < ETag: "d41d8cd98f00b204e9800998ecf8427e"
4 < Location: http://swapi.dev/api/people/1/
4 < Server: nginx/1.16.1
4 < Strict-Transport-Security: max-age=15768000
4 < Transfer-Encoding: chunked
4 < X-Frame-Options: SAMEORIGIN


19:46:36.063 request:
5 > GET https://swapi.dev/api/people/1
5 > Accept-Encoding: gzip,deflate
5 > Connection: Keep-Alive
5 > Host: swapi.dev
5 > User-Agent: Apache-HttpClient/4.5.5 (Java/11.0.9)

19:46:36.276 response time in milliseconds: 205.42
5 < 301
5 < Connection: keep-alive
5 < Content-Length: 169
5 < Content-Type: text/html
5 < Date: Wed, 30 Dec 2020 00:46:36 GMT
5 < Location: https://swapi.dev/api/people/1/
5 < Server: nginx/1.16.1
<html>
<head><title>301 Moved Permanently</title></head>
<body>
<center><h1>301 Moved Permanently</h1></center>
<hr><center>nginx/1.16.1</center>
</body>
</html>


19:46:36.280 request:
6 > GET https://swapi.dev/api/people/1
6 > Accept-Encoding: gzip,deflate
6 > Connection: Keep-Alive
6 > Host: swapi.dev
6 > User-Agent: Apache-HttpClient/4.5.5 (Java/11.0.9)

19:46:36.401 response time in milliseconds: 120.03
6 < 200
6 < Allow: GET, HEAD, OPTIONS
6 < Connection: keep-alive
6 < Content-Type: application/json
6 < Date: Wed, 30 Dec 2020 00:46:36 GMT
6 < ETag: "bf44153838a0871ffc5cc3aaee8029d0"
6 < Server: nginx/1.16.1
6 < Strict-Transport-Security: max-age=15768000
6 < Transfer-Encoding: chunked
6 < Vary: Accept, Cookie
6 < X-Frame-Options: SAMEORIGIN
{"name":"Luke Skywalker","height":"172","mass":"77","hair_color":"blond","skin_color":"fair","eye_color":"blue","birth_year":"19BBY","gender":"male","homeworld":"http://swapi.dev/api/planets/1/","films":["http://swapi.dev/api/films/1/","http://swapi.dev/api/films/2/","http://swapi.dev/api/films/3/","http://swapi.dev/api/films/6/"],"species":[],"vehicles":["http://swapi.dev/api/vehicles/14/","http://swapi.dev/api/vehicles/30/"],"starships":["http://swapi.dev/api/starships/12/","http://swapi.dev/api/starships/22/"],"created":"2014-12-09T13:50:51.644000Z","edited":"2014-12-20T21:17:56.891000Z","url":"http://swapi.dev/api/people/1/"}

