21:56:45.662 karate.env system property was:  
21:56:46.518 request:
1 > POST http://52.201.187.226:8000/api/spartans
1 > Accept-Encoding: gzip,deflate
1 > Connection: Keep-Alive
1 > Content-Length: 51
1 > Content-Type: application/json; charset=UTF-8
1 > Host: 52.201.187.226:8000
1 > User-Agent: Apache-HttpClient/4.5.12 (Java/11.0.9)
{"name":"Tucky","gender":"Male","phone":1231231234}

21:56:46.586 response time in milliseconds: 64.18
1 < 201
1 < Connection: keep-alive
1 < Content-Type: application/json
1 < Date: Wed, 30 Dec 2020 02:56:45 GMT
1 < Keep-Alive: timeout=60
1 < Location: http://52.201.187.226:8000/api/spartans/507
1 < Transfer-Encoding: chunked
{"success":"A Spartan is Born!","data":{"id":507,"name":"Tucky","gender":"Male","phone":1231231234}}

21:56:46.634 request:
2 > GET http://52.201.187.226:8000/api/spartans/507
2 > Accept-Encoding: gzip,deflate
2 > Connection: Keep-Alive
2 > Host: 52.201.187.226:8000
2 > User-Agent: Apache-HttpClient/4.5.12 (Java/11.0.9)

21:56:46.668 response time in milliseconds: 33.01
2 < 200
2 < Connection: keep-alive
2 < Content-Type: application/json
2 < Date: Wed, 30 Dec 2020 02:56:45 GMT
2 < Keep-Alive: timeout=60
2 < Transfer-Encoding: chunked
{"id":507,"name":"Tucky","gender":"Male","phone":1231231234}

21:56:46.681 request:
3 > PUT http://52.201.187.226:8000/api/spartans/507
3 > Accept-Encoding: gzip,deflate
3 > Connection: Keep-Alive
3 > Content-Length: 50
3 > Content-Type: application/json; charset=UTF-8
3 > Host: 52.201.187.226:8000
3 > User-Agent: Apache-HttpClient/4.5.12 (Java/11.0.9)
{"name":"John","gender":"Male","phone":1231231231}

21:56:46.720 response time in milliseconds: 38.02
3 < 204
3 < Connection: keep-alive
3 < Date: Wed, 30 Dec 2020 02:56:45 GMT
3 < Keep-Alive: timeout=60

21:56:46.727 request:
4 > DELETE http://52.201.187.226:8000/api/spartans/507
4 > Accept-Encoding: gzip,deflate
4 > Connection: Keep-Alive
4 > Host: 52.201.187.226:8000
4 > User-Agent: Apache-HttpClient/4.5.12 (Java/11.0.9)

21:56:46.800 response time in milliseconds: 69.22
4 < 204
4 < Connection: keep-alive
4 < Content-Type: application/json
4 < Date: Wed, 30 Dec 2020 02:56:45 GMT
4 < Keep-Alive: timeout=60

ass="card-body">
				<div class="col-lg-10">
					<form>
						<div class="form-group row">
							<label for="name" class="col-sm-2 col-form-label">Name</label>
							<div class="col-md-10">
								<input type="text" readonly class="form-control-plaintext"
									id="name" value="Tucky">
							</div>
						</div>
						<div class="form-group row">
							<label for="gender" class="col-sm-2 col-form-label">Gender</label>
							<div class="col-md-10">
								<input type="text" readonly class="form-control-plaintext"
									id="gender" value="Male">
							</div>
						</div>

						<div class="form-group row">
							<label for="phone" class="col-sm-2 col-form-label">Phone</label>
							<div class="col-md-10">
								<input type="text" readonly class="form-control-plaintext"
									id="phone" value="1231231234">
							</div>
						</div>
						<div class="form-group row">
							<label for="created" class="col-sm-2 col-form-label">Created</label>
							<div class="col-md-10">
								<input type="text" readonly class="form-control-plaintext"
									id="created" value="2020-12-29T21:46:54.077">
							</div>
						</div>
						
						<div class="form-group row">
							<label for="updated" class="col-sm-2 col-form-label">Updated</label>
							<div class="col-md-10">
								<input type="text" readonly class="form-control-plaintext"
									id="updated" value="2020-12-29T21:46:54.077">
							</div>
						</div>
					</form>
				</div>
			</div>
		</div>
		<div style="text-align: right">
			[ <a href="/spartans">Back to the List</a> ]
			[ <a href="/">Back to Home</a> ]
		</div>
	</div>
</body>

</html>

21:46:55.368 xml parsing failed, response data type set to string: org.xml.sax.SAXParseException; lineNumber: 16; columnNumber: 3; The element type "link" must be terminated by the matching end-tag "</link>".
