16:37:08.803 [main] INFO  com.intuit.karate - karate.env system property was: null 
16:37:09.382 [main] DEBUG com.intuit.karate - request:
1 > GET https://jsonplaceholder.typicode.com/users
1 > Accept-Encoding: gzip,deflate
1 > Connection: Keep-Alive
1 > Host: jsonplaceholder.typicode.com
1 > User-Agent: Apache-HttpClient/4.5.5 (Java/11.0.9)

16:37:09.910 [main] DEBUG com.intuit.karate - response time in milliseconds: 519.35
1 < 200
1 < Access-Control-Allow-Credentials: true
1 < Age: 8027
1 < CF-Cache-Status: HIT
1 < CF-RAY: 6096a9247ce71556-EWR
1 < Cache-Control: max-age=43200
1 < Connection: keep-alive
1 < Content-Type: application/json; charset=utf-8
1 < Date: Tue, 29 Dec 2020 21:37:09 GMT
1 < Etag: W/"160d-1eMSsxeJRfnVLRBmYJSbCiJZ1qQ"
1 < Expect-CT: max-age=604800, report-uri="https://report-uri.cloudflare.com/cdn-cgi/beacon/expect-ct"
1 < Expires: -1
1 < NEL: {"report_to":"cf-nel","max_age":604800}
1 < Pragma: no-cache
1 < Report-To: {"endpoints":[{"url":"https:\/\/a.nel.cloudflare.com\/report?s=%2BXcBStuSEPCyDmOzaf1vcjzvrIbv%2FVt2oiVxO84yyOwJ9QoOyIWnv%2F0T5AV47w4O1YTTvb5IdGk7EZvQEiHsdRGXIdwg43FTq7qTBE2JTN1nOpbAzKnCGQFQ1cmp"}],"group":"cf-nel","max_age":604800}
1 < Server: cloudflare
1 < Set-Cookie: __cfduid=d1c5a6f4162b2dd395caa320a3e0fa3a11609277829; expires=Thu, 28-Jan-21 21:37:09 GMT; path=/; domain=.typicode.com; HttpOnly; SameSite=Lax
1 < Transfer-Encoding: chunked
1 < Vary: Origin, Accept-Encoding
1 < Via: 1.1 vegur
1 < X-Content-Type-Options: nosniff
1 < X-Powered-By: Express
1 < X-Ratelimit-Limit: 1000
1 < X-Ratelimit-Remaining: 999
1 < X-Ratelimit-Reset: 1604552136
1 < cf-request-id: 0752080acb000015565b01f000000001
[
  {
    "id": 1,
    "name": "Leanne Graham",
    "username": "Bret",
    "email": "Sincere@april.biz",
    "address": {
      "street": "Kulas Light",
      "suite": "Apt. 556",
      "city": "Gwenborough",
      "zipcode": "92998-3874",
      "geo": {
        "lat": "-37.3159",
        "lng": "81.1496"
      }
    },
    "phone": "1-770-736-8031 x56442",
    "website": "hildegard.org",
    "company": {
      "name": "Romaguera-Crona",
      "catchPhrase": "Multi-layered client-server neural-net",
      "bs": "harness real-time e-markets"
    }
  },
  {
    "id": 2,
    "name": "Ervin Howell",
    "username": "Antonette",
    "email": "Shanna@melissa.tv",
    "address": {
      "street": "Victor Plains",
      "suite": "Suite 879",
      "city": "Wisokyburgh",
      "zipcode": "90566-7771",
      "geo": {
        "lat": "-43.9509",
        "lng": "-34.4618"
      }
    },
    "phone": "010-692-6593 x09125",
    "website": "anastasia.net",
    "company": {
      "name": "Deckow-Crist",
      "catchPhrase": "Proactive didactic contingency",
      "bs": "synergize scalable supply-chains"
    }
  },
  {
    "id": 3,
    "name": "Clementine Bauch",
    "username": "Samantha",
    "email": "Nathan@yesenia.net",
    "address": {
      "street": "Douglas Extension",
      "suite": "Suite 847",
      "city": "McKenziehaven",
      "zipcode": "59590-4157",
      "geo": {
        "lat": "-68.6102",
        "lng": "-47.0653"
      }
    },
    "phone": "1-463-123-4447",
    "website": "ramiro.info",
    "company": {
      "name": "Romaguera-Jacobson",
      "catchPhrase": "Face to face bifurcated interface",
      "bs": "e-enable strategic applications"
    }
  },
  {
    "id": 4,
    "name": "Patricia Lebsack",
    "username": "Karianne",
    "email": "Julianne.OConner@kory.org",
    "address": {
      "street": "Hoeger Mall",
      "suite": "Apt. 692",
      "city": "South Elvis",
      "zipcode": "53919-4257",
      "geo": {
        "lat": "29.4572",
        "lng": "-164.2990"
      }
    },
    "phone": "493-170-9623 x156",
    "website": "kale.biz",
    "company": {
      "name": "Robel-Corkery",
      "catchPhrase": "Multi-tiered zero tolerance productivity",
      "bs": "transition cutting-edge web services"
    }
  },
  {
    "id": 5,
    "name": "Chelsey Dietrich",
    "username": "Kamren",
    "email": "Lucio_Hettinger@annie.ca",
    "address": {
      "street": "Skiles Walks",
      "suite": "Suite 351",
      "city": "Roscoeview",
      "zipcode": "33263",
      "geo": {
        "lat": "-31.8129",
        "lng": "62.5342"
      }
    },
    "phone": "(254)954-1289",
    "website": "demarco.info",
    "company": {
      "name": "Keebler LLC",
      "catchPhrase": "User-centric fault-tolerant solution",
      "bs": "revolutionize end-to-end systems"
    }
  },
  {
    "id": 6,
    "name": "Mrs. Dennis Schulist",
    "username": "Leopoldo_Corkery",
    "email": "Karley_Dach@jasper.info",
    "address": {
      "street": "Norberto Crossing",
      "suite": "Apt. 950",
      "city": "South Christy",
      "zipcode": "23505-1337",
      "geo": {
        "lat": "-71.4197",
        "lng": "71.7478"
      }
    },
    "phone": "1-477-935-8478 x6430",
    "website": "ola.org",
    "company": {
      "name": "Considine-Lockman",
      "catchPhrase": "Synchronised bottom-line interface",
      "bs": "e-enable innovative applications"
    }
  },
  {
    "id": 7,
    "name": "Kurtis Weissnat",
    "username": "Elwyn.Skiles",
    "email": "Telly.Hoeger@billy.biz",
    "address": {
      "street": "Rex Trail",
      "suite": "Suite 280",
      "city": "Howemouth",
      "zipcode": "58804-1099",
      "geo": {
        "lat": "24.8918",
        "lng": "21.8984"
      }
    },
    "phone": "210.067.6132",
    "website": "elvis.io",
    "company": {
      "name": "Johns Group",
      "catchPhrase": "Configurable multimedia task-force",
      "bs": "generate enterprise e-tailers"
    }
  },
  {
    "id": 8,
    "name": "Nicholas Runolfsdottir V",
    "username": "Maxime_Nienow",
    "email": "Sherwood@rosamond.me",
    "address": {
      "street": "Ellsworth Summit",
      "suite": "Suite 729",
      "city": "Aliyaview",
      "zipcode": "45169",
      "geo": {
        "lat": "-14.3990",
        "lng": "-120.7677"
      }
    },
    "phone": "586.493.6943 x140",
    "website": "jacynthe.com",
    "company": {
      "name": "Abernathy Group",
      "catchPhrase": "Implemented secondary concept",
      "bs": "e-enable extensible e-tailers"
    }
  },
  {
    "id": 9,
    "name": "Glenna Reichert",
    "username": "Delphine",
    "email": "Chaim_McDermott@dana.io",
    "address": {
      "street": "Dayna Park",
      "suite": "Suite 449",
      "city": "Bartholomebury",
      "zipcode": "76495-3109",
      "geo": {
        "lat": "24.6463",
        "lng": "-168.8889"
      }
    },
    "phone": "(775)976-6794 x41206",
    "website": "conrad.com",
    "company": {
      "name": "Yost and Sons",
      "catchPhrase": "Switchable contextually-based project",
      "bs": "aggregate real-time technologies"
    }
  },
  {
    "id": 10,
    "name": "Clementina DuBuque",
    "username": "Moriah.Stanton",
    "email": "Rey.Padberg@karina.biz",
    "address": {
      "street": "Kattie Turnpike",
      "suite": "Suite 198",
      "city": "Lebsackbury",
      "zipcode": "31428-2261",
      "geo": {
        "lat": "-38.2386",
        "lng": "57.2232"
      }
    },
    "phone": "024-648-3804",
    "website": "ambrose.net",
    "company": {
      "name": "Hoeger LLC",
      "catchPhrase": "Centralized empowering task-force",
      "bs": "target end-to-end models"
    }
  }
]

16:37:09.970 [main] DEBUG com.intuit.karate - request:
2 > GET https://jsonplaceholder.typicode.com/users/1
2 > Accept-Encoding: gzip,deflate
2 > Connection: Keep-Alive
2 > Cookie: __cfduid=d1c5a6f4162b2dd395caa320a3e0fa3a11609277829
2 > Host: jsonplaceholder.typicode.com
2 > User-Agent: Apache-HttpClient/4.5.5 (Java/11.0.9)

16:37:10.041 [main] DEBUG com.intuit.karate - response time in milliseconds: 69.32
2 < 200
2 < Access-Control-Allow-Credentials: true
2 < Age: 8512
2 < CF-Cache-Status: HIT
2 < CF-RAY: 6096a925ba7feff9-EWR
2 < Cache-Control: max-age=43200
2 < Connection: keep-alive
2 < Content-Type: application/json; charset=utf-8
2 < Date: Tue, 29 Dec 2020 21:37:10 GMT
2 < Etag: W/"1fd-+2Y3G3w049iSZtw5t1mzSnunngE"
2 < Expect-CT: max-age=604800, report-uri="https://report-uri.cloudflare.com/cdn-cgi/beacon/expect-ct"
2 < Expires: -1
2 < NEL: {"report_to":"cf-nel","max_age":604800}
2 < Pragma: no-cache
2 < Report-To: {"endpoints":[{"url":"https:\/\/a.nel.cloudflare.com\/report?s=HmX6INfEh%2FeLFXjOWQOz6v3JaY4w6S4om1SzIM4ObtxCb1EpknsVFhBqzuXKioheZcvgYI%2BVg5hKMRXGkai5SZcBsY2lVN0cWjfklYzao0ugW6HXcUBB7PWUISrS"}],"group":"cf-nel","max_age":604800}
2 < Server: cloudflare
2 < Transfer-Encoding: chunked
2 < Vary: Origin, Accept-Encoding
2 < Via: 1.1 vegur
2 < X-Content-Type-Options: nosniff
2 < X-Powered-By: Express
2 < X-Ratelimit-Limit: 1000
2 < X-Ratelimit-Remaining: 998
2 < X-Ratelimit-Reset: 1609240536
2 < cf-request-id: 0752080b970000eff911039000000001
{
  "id": 1,
  "name": "Leanne Graham",
  "username": "Bret",
  "email": "Sincere@april.biz",
  "address": {
    "street": "Kulas Light",
    "suite": "Apt. 556",
    "city": "Gwenborough",
    "zipcode": "92998-3874",
    "geo": {
      "lat": "-37.3159",
      "lng": "81.1496"
    }
  },
  "phone": "1-770-736-8031 x56442",
  "website": "hildegard.org",
  "company": {
    "name": "Romaguera-Crona",
    "catchPhrase": "Multi-layered client-server neural-net",
    "bs": "harness real-time e-markets"
  }
}

16:37:10.067 [main] INFO  com.intuit.karate - karate.env system property was: null 
16:37:10.080 [main] DEBUG com.intuit.karate - request:
1 > POST https://jsonplaceholder.typicode.com/users
1 > Accept-Encoding: gzip,deflate
1 > Connection: Keep-Alive
1 > Content-Length: 160
1 > Content-Type: application/json; charset=UTF-8
1 > Host: jsonplaceholder.typicode.com
1 > User-Agent: Apache-HttpClient/4.5.5 (Java/11.0.9)
{"name":"Test User","username":"testuser","email":"test@user.com","address":{"street":"Has No Name","suite":"Apt. 123","city":"Electri","zipcode":"54321-6789"}}

16:37:10.228 [main] DEBUG com.intuit.karate - response time in milliseconds: 144.28
1 < 201
1 < Access-Control-Allow-Credentials: true
1 < Access-Control-Expose-Headers: Location
1 < CF-Cache-Status: DYNAMIC
1 < CF-RAY: 6096a926ba60ccd6-EWR
1 < Cache-Control: no-cache
1 < Connection: keep-alive
1 < Content-Length: 216
1 < Content-Type: application/json; charset=utf-8
1 < Date: Tue, 29 Dec 2020 21:37:10 GMT
1 < Etag: W/"d8-pYV7+YuMGP2hxHPU9ARrf97ifDA"
1 < Expect-CT: max-age=604800, report-uri="https://report-uri.cloudflare.com/cdn-cgi/beacon/expect-ct"
1 < Expires: -1
1 < Location: http://jsonplaceholder.typicode.com/users/11
1 < NEL: {"report_to":"cf-nel","max_age":604800}
1 < Pragma: no-cache
1 < Report-To: {"endpoints":[{"url":"https:\/\/a.nel.cloudflare.com\/report?s=mQf9G9zE9SqMYV%2BeR%2BrzJ%2FwmpWIQ%2FQmqhVt3y8Ipvur0j2am4tLJaiyokWo0hV1r6%2FJxS54U%2F822%2FwnEsAUWqy3OFRq2VaQefVvzEzHEXcsfapqpMaglb9FTvkRQ"}],"group":"cf-nel","max_age":604800}
1 < Server: cloudflare
1 < Set-Cookie: __cfduid=dc4e7163717dec16ee388cbe1034894a41609277830; expires=Thu, 28-Jan-21 21:37:10 GMT; path=/; domain=.typicode.com; HttpOnly; SameSite=Lax
1 < Vary: Origin, X-HTTP-Method-Override, Accept-Encoding
1 < Via: 1.1 vegur
1 < X-Content-Type-Options: nosniff
1 < X-Powered-By: Express
1 < X-Ratelimit-Limit: 1000
1 < X-Ratelimit-Remaining: 999
1 < X-Ratelimit-Reset: 1609277864
1 < cf-request-id: 0752080c310000ccd6b5873000000001
{
  "name": "Test User",
  "username": "testuser",
  "email": "test@user.com",
  "address": {
    "street": "Has No Name",
    "suite": "Apt. 123",
    "city": "Electri",
    "zipcode": "54321-6789"
  },
  "id": 11
}

16:37:10.290 [main] INFO  com.intuit.karate - [print] created id is:  11
18:47:13.074 [main] INFO  com.intuit.karate - found scenario at line: 6 - ^get all users and then get the first user by id$
18:47:13.430 [main] INFO  com.intuit.karate - karate.env system property was: null 
18:47:14.021 [main] DEBUG com.intuit.karate - request:
1 > GET http://54.90.101.103:8000/api/spartans
1 > Accept-Encoding: gzip,deflate
1 > Connection: Keep-Alive
1 > Host: 54.90.101.103:8000
1 > User-Agent: Apache-HttpClient/4.5.5 (Java/11.0.9)

18:47:14.097 [main] DEBUG com.intuit.karate - response time in milliseconds: 72.46
1 < 401
1 < Cache-Control: no-cache, no-store, max-age=0, must-revalidate
1 < Content-Type: application/json;charset=UTF-8
1 < Date: Tue, 29 Dec 2020 23:47:08 GMT
1 < Expires: 0
1 < Pragma: no-cache
1 < Transfer-Encoding: chunked
1 < WWW-Authenticate: Basic realm="Realm"
1 < X-Content-Type-Options: nosniff
1 < X-XSS-Protection: 1; mode=block
{"timestamp":"2020-12-29T23:47:08.521+0000","status":401,"error":"Unauthorized","message":"Unauthorized","path":"/api/spartans"}

18:47:14.099 [main] ERROR com.intuit.karate - status code was: 401, expected: 200, response time: 72, url: http://54.90.101.103:8000/api/spartans, response: {"timestamp":"2020-12-29T23:47:08.521+0000","status":401,"error":"Unauthorized","message":"Unauthorized","path":"/api/spartans"}
18:51:15.648 [main] INFO  com.intuit.karate - found scenario at line: 12 - ^create a user and then get it by id$
18:51:16.016 [main] INFO  com.intuit.karate - karate.env system property was: null 
18:51:16.551 [main] DEBUG com.intuit.karate - request:
1 > GET http://54.90.101.103:8000/api/spartans
1 > Accept-Encoding: gzip,deflate
1 > Connection: Keep-Alive
1 > Host: 54.90.101.103:8000
1 > User-Agent: Apache-HttpClient/4.5.5 (Java/11.0.9)

18:51:16.637 [main] DEBUG com.intuit.karate - response time in milliseconds: 81.46
1 < 401
1 < Cache-Control: no-cache, no-store, max-age=0, must-revalidate
1 < Content-Type: application/json;charset=UTF-8
1 < Date: Tue, 29 Dec 2020 23:51:11 GMT
1 < Expires: 0
1 < Pragma: no-cache
1 < Transfer-Encoding: chunked
1 < WWW-Authenticate: Basic realm="Realm"
1 < X-Content-Type-Options: nosniff
1 < X-XSS-Protection: 1; mode=block
{"timestamp":"2020-12-29T23:51:11.030+0000","status":401,"error":"Unauthorized","message":"Unauthorized","path":"/api/spartans"}

18:51:16.638 [main] ERROR com.intuit.karate - status code was: 401, expected: 200, response time: 81, url: http://54.90.101.103:8000/api/spartans, response: {"timestamp":"2020-12-29T23:51:11.030+0000","status":401,"error":"Unauthorized","message":"Unauthorized","path":"/api/spartans"}
18:53:55.021 [main] INFO  com.intuit.karate - found scenario at line: 6 - ^get all users and then get the first user by id$
18:53:55.518 [main] INFO  com.intuit.karate - karate.env system property was: null 
18:53:56.128 [main] DEBUG com.intuit.karate - request:
1 > GET http://54.90.101.103:8000/api/spartans
1 > Accept-Encoding: gzip,deflate
1 > Connection: Keep-Alive
1 > Host: 54.90.101.103:8000
1 > User-Agent: Apache-HttpClient/4.5.5 (Java/11.0.9)

18:53:56.240 [main] DEBUG com.intuit.karate - response time in milliseconds: 102.56
1 < 401
1 < Cache-Control: no-cache, no-store, max-age=0, must-revalidate
1 < Content-Type: application/json;charset=UTF-8
1 < Date: Tue, 29 Dec 2020 23:53:50 GMT
1 < Expires: 0
1 < Pragma: no-cache
1 < Transfer-Encoding: chunked
1 < WWW-Authenticate: Basic realm="Realm"
1 < X-Content-Type-Options: nosniff
1 < X-XSS-Protection: 1; mode=block
{"timestamp":"2020-12-29T23:53:50.620+0000","status":401,"error":"Unauthorized","message":"Unauthorized","path":"/api/spartans"}

18:53:56.242 [main] ERROR com.intuit.karate - status code was: 401, expected: 200, response time: 103, url: http://54.90.101.103:8000/api/spartans, response: {"timestamp":"2020-12-29T23:53:50.620+0000","status":401,"error":"Unauthorized","message":"Unauthorized","path":"/api/spartans"}
18:53:56.244 [main] INFO  com.intuit.karate - found scenario at line: 15 - ^get all users and then get the first user by id$
18:53:56.277 [main] INFO  com.intuit.karate - karate.env system property was: null 
18:53:56.292 [main] DEBUG com.intuit.karate - request:
1 > GET https://swapi.dev/api/people
1 > Accept-Encoding: gzip,deflate
1 > Connection: Keep-Alive
1 > Host: swapi.dev
1 > User-Agent: Apache-HttpClient/4.5.5 (Java/11.0.9)

18:53:57.068 [main] DEBUG com.intuit.karate - response time in milliseconds: 769.05
1 < 301
1 < Connection: keep-alive
1 < Content-Type: text/html; charset=utf-8
1 < Date: Tue, 29 Dec 2020 23:53:57 GMT
1 < ETag: "d41d8cd98f00b204e9800998ecf8427e"
1 < Location: http://swapi.dev/api/people/
1 < Server: nginx/1.16.1
1 < Strict-Transport-Security: max-age=15768000
1 < Transfer-Encoding: chunked
1 < X-Frame-Options: SAMEORIGIN


18:53:57.071 [main] DEBUG com.intuit.karate - request:
2 > GET https://swapi.dev/api/people
2 > Accept-Encoding: gzip,deflate
2 > Connection: Keep-Alive
2 > Host: swapi.dev
2 > User-Agent: Apache-HttpClient/4.5.5 (Java/11.0.9)

18:53:57.282 [main] DEBUG com.intuit.karate - response time in milliseconds: 209.60
2 < 301
2 < Connection: keep-alive
2 < Content-Length: 169
2 < Content-Type: text/html
2 < Date: Tue, 29 Dec 2020 23:53:57 GMT
2 < Location: https://swapi.dev/api/people/
2 < Server: nginx/1.16.1
<html>
<head><title>301 Moved Permanently</title></head>
<body>
<center><h1>301 Moved Permanently</h1></center>
<hr><center>nginx/1.16.1</center>
</body>
</html>


18:53:57.282 [main] DEBUG com.intuit.karate - request:
3 > GET https://swapi.dev/api/people
3 > Accept-Encoding: gzip,deflate
3 > Connection: Keep-Alive
3 > Host: swapi.dev
3 > User-Agent: Apache-HttpClient/4.5.5 (Java/11.0.9)

18:53:57.440 [main] DEBUG com.intuit.karate - response time in milliseconds: 157.14
3 < 200
3 < Allow: GET, HEAD, OPTIONS
3 < Connection: keep-alive
3 < Content-Type: application/json
3 < Date: Tue, 29 Dec 2020 23:53:57 GMT
3 < ETag: "35e90fa80df5a1200859818a74a65a4e"
3 < Server: nginx/1.16.1
3 < Strict-Transport-Security: max-age=15768000
3 < Transfer-Encoding: chunked
3 < Vary: Accept, Cookie
3 < X-Frame-Options: SAMEORIGIN
{"count":82,"next":"http://swapi.dev/api/people/?page=2","previous":null,"results":[{"name":"Luke Skywalker","height":"172","mass":"77","hair_color":"blond","skin_color":"fair","eye_color":"blue","birth_year":"19BBY","gender":"male","homeworld":"http://swapi.dev/api/planets/1/","films":["http://swapi.dev/api/films/1/","http://swapi.dev/api/films/2/","http://swapi.dev/api/films/3/","http://swapi.dev/api/films/6/"],"species":[],"vehicles":["http://swapi.dev/api/vehicles/14/","http://swapi.dev/api/vehicles/30/"],"starships":["http://swapi.dev/api/starships/12/","http://swapi.dev/api/starships/22/"],"created":"2014-12-09T13:50:51.644000Z","edited":"2014-12-20T21:17:56.891000Z","url":"http://swapi.dev/api/people/1/"},{"name":"C-3PO","height":"167","mass":"75","hair_color":"n/a","skin_color":"gold","eye_color":"yellow","birth_year":"112BBY","gender":"n/a","homeworld":"http://swapi.dev/api/planets/1/","films":["http://swapi.dev/api/films/1/","http://swapi.dev/api/films/2/","http://swapi.dev/api/films/3/","http://swapi.dev/api/films/4/","http://swapi.dev/api/films/5/","http://swapi.dev/api/films/6/"],"species":["http://swapi.dev/api/species/2/"],"vehicles":[],"starships":[],"created":"2014-12-10T15:10:51.357000Z","edited":"2014-12-20T21:17:50.309000Z","url":"http://swapi.dev/api/people/2/"},{"name":"R2-D2","height":"96","mass":"32","hair_color":"n/a","skin_color":"white, blue","eye_color":"red","birth_year":"33BBY","gender":"n/a","homeworld":"http://swapi.dev/api/planets/8/","films":["http://swapi.dev/api/films/1/","http://swapi.dev/api/films/2/","http://swapi.dev/api/films/3/","http://swapi.dev/api/films/4/","http://swapi.dev/api/films/5/","http://swapi.dev/api/films/6/"],"species":["http://swapi.dev/api/species/2/"],"vehicles":[],"starships":[],"created":"2014-12-10T15:11:50.376000Z","edited":"2014-12-20T21:17:50.311000Z","url":"http://swapi.dev/api/people/3/"},{"name":"Darth Vader","height":"202","mass":"136","hair_color":"none","skin_color":"white","eye_color":"yellow","birth_year":"41.9BBY","gender":"male","homeworld":"http://swapi.dev/api/planets/1/","films":["http://swapi.dev/api/films/1/","http://swapi.dev/api/films/2/","http://swapi.dev/api/films/3/","http://swapi.dev/api/films/6/"],"species":[],"vehicles":[],"starships":["http://swapi.dev/api/starships/13/"],"created":"2014-12-10T15:18:20.704000Z","edited":"2014-12-20T21:17:50.313000Z","url":"http://swapi.dev/api/people/4/"},{"name":"Leia Organa","height":"150","mass":"49","hair_color":"brown","skin_color":"light","eye_color":"brown","birth_year":"19BBY","gender":"female","homeworld":"http://swapi.dev/api/planets/2/","films":["http://swapi.dev/api/films/1/","http://swapi.dev/api/films/2/","http://swapi.dev/api/films/3/","http://swapi.dev/api/films/6/"],"species":[],"vehicles":["http://swapi.dev/api/vehicles/30/"],"starships":[],"created":"2014-12-10T15:20:09.791000Z","edited":"2014-12-20T21:17:50.315000Z","url":"http://swapi.dev/api/people/5/"},{"name":"Owen Lars","height":"178","mass":"120","hair_color":"brown, grey","skin_color":"light","eye_color":"blue","birth_year":"52BBY","gender":"male","homeworld":"http://swapi.dev/api/planets/1/","films":["http://swapi.dev/api/films/1/","http://swapi.dev/api/films/5/","http://swapi.dev/api/films/6/"],"species":[],"vehicles":[],"starships":[],"created":"2014-12-10T15:52:14.024000Z","edited":"2014-12-20T21:17:50.317000Z","url":"http://swapi.dev/api/people/6/"},{"name":"Beru Whitesun lars","height":"165","mass":"75","hair_color":"brown","skin_color":"light","eye_color":"blue","birth_year":"47BBY","gender":"female","homeworld":"http://swapi.dev/api/planets/1/","films":["http://swapi.dev/api/films/1/","http://swapi.dev/api/films/5/","http://swapi.dev/api/films/6/"],"species":[],"vehicles":[],"starships":[],"created":"2014-12-10T15:53:41.121000Z","edited":"2014-12-20T21:17:50.319000Z","url":"http://swapi.dev/api/people/7/"},{"name":"R5-D4","height":"97","mass":"32","hair_color":"n/a","skin_color":"white, red","eye_color":"red","birth_year":"unknown","gender":"n/a","homeworld":"http://swapi.dev/api/planets/1/","films":["http://swapi.dev/api/films/1/"],"species":["http://swapi.dev/api/species/2/"],"vehicles":[],"starships":[],"created":"2014-12-10T15:57:50.959000Z","edited":"2014-12-20T21:17:50.321000Z","url":"http://swapi.dev/api/people/8/"},{"name":"Biggs Darklighter","height":"183","mass":"84","hair_color":"black","skin_color":"light","eye_color":"brown","birth_year":"24BBY","gender":"male","homeworld":"http://swapi.dev/api/planets/1/","films":["http://swapi.dev/api/films/1/"],"species":[],"vehicles":[],"starships":["http://swapi.dev/api/starships/12/"],"created":"2014-12-10T15:59:50.509000Z","edited":"2014-12-20T21:17:50.323000Z","url":"http://swapi.dev/api/people/9/"},{"name":"Obi-Wan Kenobi","height":"182","mass":"77","hair_color":"auburn, white","skin_color":"fair","eye_color":"blue-gray","birth_year":"57BBY","gender":"male","homeworld":"http://swapi.dev/api/planets/20/","films":["http://swapi.dev/api/films/1/","http://swapi.dev/api/films/2/","http://swapi.dev/api/films/3/","http://swapi.dev/api/films/4/","http://swapi.dev/api/films/5/","http://swapi.dev/api/films/6/"],"species":[],"vehicles":["http://swapi.dev/api/vehicles/38/"],"starships":["http://swapi.dev/api/starships/48/","http://swapi.dev/api/starships/59/","http://swapi.dev/api/starships/64/","http://swapi.dev/api/starships/65/","http://swapi.dev/api/starships/74/"],"created":"2014-12-10T16:16:29.192000Z","edited":"2014-12-20T21:17:50.325000Z","url":"http://swapi.dev/api/people/10/"}]}

18:54:51.309 [main] INFO  com.intuit.karate - found scenario at line: 15 - ^get all users and then get the first user by id$
18:54:51.675 [main] INFO  com.intuit.karate - karate.env system property was: null 
18:54:52.191 [main] DEBUG com.intuit.karate - request:
1 > GET https://swapi.dev/api/people
1 > Accept-Encoding: gzip,deflate
1 > Connection: Keep-Alive
1 > Host: swapi.dev
1 > User-Agent: Apache-HttpClient/4.5.5 (Java/11.0.9)

18:54:52.944 [main] DEBUG com.intuit.karate - response time in milliseconds: 750.07
1 < 301
1 < Connection: keep-alive
1 < Content-Type: text/html; charset=utf-8
1 < Date: Tue, 29 Dec 2020 23:54:52 GMT
1 < ETag: "d41d8cd98f00b204e9800998ecf8427e"
1 < Location: http://swapi.dev/api/people/
1 < Server: nginx/1.16.1
1 < Strict-Transport-Security: max-age=15768000
1 < Transfer-Encoding: chunked
1 < X-Frame-Options: SAMEORIGIN


18:54:52.946 [main] DEBUG com.intuit.karate - request:
2 > GET https://swapi.dev/api/people
2 > Accept-Encoding: gzip,deflate
2 > Connection: Keep-Alive
2 > Host: swapi.dev
2 > User-Agent: Apache-HttpClient/4.5.5 (Java/11.0.9)

18:54:53.153 [main] DEBUG com.intuit.karate - response time in milliseconds: 205.34
2 < 301
2 < Connection: keep-alive
2 < Content-Length: 169
2 < Content-Type: text/html
2 < Date: Tue, 29 Dec 2020 23:54:53 GMT
2 < Location: https://swapi.dev/api/people/
2 < Server: nginx/1.16.1
<html>
<head><title>301 Moved Permanently</title></head>
<body>
<center><h1>301 Moved Permanently</h1></center>
<hr><center>nginx/1.16.1</center>
</body>
</html>


18:54:53.154 [main] DEBUG com.intuit.karate - request:
3 > GET https://swapi.dev/api/people
3 > Accept-Encoding: gzip,deflate
3 > Connection: Keep-Alive
3 > Host: swapi.dev
3 > User-Agent: Apache-HttpClient/4.5.5 (Java/11.0.9)

18:54:53.319 [main] DEBUG com.intuit.karate - response time in milliseconds: 163.90
3 < 200
3 < Allow: GET, HEAD, OPTIONS
3 < Connection: keep-alive
3 < Content-Type: application/json
3 < Date: Tue, 29 Dec 2020 23:54:53 GMT
3 < ETag: "35e90fa80df5a1200859818a74a65a4e"
3 < Server: nginx/1.16.1
3 < Strict-Transport-Security: max-age=15768000
3 < Transfer-Encoding: chunked
3 < Vary: Accept, Cookie
3 < X-Frame-Options: SAMEORIGIN
{"count":82,"next":"http://swapi.dev/api/people/?page=2","previous":null,"results":[{"name":"Luke Skywalker","height":"172","mass":"77","hair_color":"blond","skin_color":"fair","eye_color":"blue","birth_year":"19BBY","gender":"male","homeworld":"http://swapi.dev/api/planets/1/","films":["http://swapi.dev/api/films/1/","http://swapi.dev/api/films/2/","http://swapi.dev/api/films/3/","http://swapi.dev/api/films/6/"],"species":[],"vehicles":["http://swapi.dev/api/vehicles/14/","http://swapi.dev/api/vehicles/30/"],"starships":["http://swapi.dev/api/starships/12/","http://swapi.dev/api/starships/22/"],"created":"2014-12-09T13:50:51.644000Z","edited":"2014-12-20T21:17:56.891000Z","url":"http://swapi.dev/api/people/1/"},{"name":"C-3PO","height":"167","mass":"75","hair_color":"n/a","skin_color":"gold","eye_color":"yellow","birth_year":"112BBY","gender":"n/a","homeworld":"http://swapi.dev/api/planets/1/","films":["http://swapi.dev/api/films/1/","http://swapi.dev/api/films/2/","http://swapi.dev/api/films/3/","http://swapi.dev/api/films/4/","http://swapi.dev/api/films/5/","http://swapi.dev/api/films/6/"],"species":["http://swapi.dev/api/species/2/"],"vehicles":[],"starships":[],"created":"2014-12-10T15:10:51.357000Z","edited":"2014-12-20T21:17:50.309000Z","url":"http://swapi.dev/api/people/2/"},{"name":"R2-D2","height":"96","mass":"32","hair_color":"n/a","skin_color":"white, blue","eye_color":"red","birth_year":"33BBY","gender":"n/a","homeworld":"http://swapi.dev/api/planets/8/","films":["http://swapi.dev/api/films/1/","http://swapi.dev/api/films/2/","http://swapi.dev/api/films/3/","http://swapi.dev/api/films/4/","http://swapi.dev/api/films/5/","http://swapi.dev/api/films/6/"],"species":["http://swapi.dev/api/species/2/"],"vehicles":[],"starships":[],"created":"2014-12-10T15:11:50.376000Z","edited":"2014-12-20T21:17:50.311000Z","url":"http://swapi.dev/api/people/3/"},{"name":"Darth Vader","height":"202","mass":"136","hair_color":"none","skin_color":"white","eye_color":"yellow","birth_year":"41.9BBY","gender":"male","homeworld":"http://swapi.dev/api/planets/1/","films":["http://swapi.dev/api/films/1/","http://swapi.dev/api/films/2/","http://swapi.dev/api/films/3/","http://swapi.dev/api/films/6/"],"species":[],"vehicles":[],"starships":["http://swapi.dev/api/starships/13/"],"created":"2014-12-10T15:18:20.704000Z","edited":"2014-12-20T21:17:50.313000Z","url":"http://swapi.dev/api/people/4/"},{"name":"Leia Organa","height":"150","mass":"49","hair_color":"brown","skin_color":"light","eye_color":"brown","birth_year":"19BBY","gender":"female","homeworld":"http://swapi.dev/api/planets/2/","films":["http://swapi.dev/api/films/1/","http://swapi.dev/api/films/2/","http://swapi.dev/api/films/3/","http://swapi.dev/api/films/6/"],"species":[],"vehicles":["http://swapi.dev/api/vehicles/30/"],"starships":[],"created":"2014-12-10T15:20:09.791000Z","edited":"2014-12-20T21:17:50.315000Z","url":"http://swapi.dev/api/people/5/"},{"name":"Owen Lars","height":"178","mass":"120","hair_color":"brown, grey","skin_color":"light","eye_color":"blue","birth_year":"52BBY","gender":"male","homeworld":"http://swapi.dev/api/planets/1/","films":["http://swapi.dev/api/films/1/","http://swapi.dev/api/films/5/","http://swapi.dev/api/films/6/"],"species":[],"vehicles":[],"starships":[],"created":"2014-12-10T15:52:14.024000Z","edited":"2014-12-20T21:17:50.317000Z","url":"http://swapi.dev/api/people/6/"},{"name":"Beru Whitesun lars","height":"165","mass":"75","hair_color":"brown","skin_color":"light","eye_color":"blue","birth_year":"47BBY","gender":"female","homeworld":"http://swapi.dev/api/planets/1/","films":["http://swapi.dev/api/films/1/","http://swapi.dev/api/films/5/","http://swapi.dev/api/films/6/"],"species":[],"vehicles":[],"starships":[],"created":"2014-12-10T15:53:41.121000Z","edited":"2014-12-20T21:17:50.319000Z","url":"http://swapi.dev/api/people/7/"},{"name":"R5-D4","height":"97","mass":"32","hair_color":"n/a","skin_color":"white, red","eye_color":"red","birth_year":"unknown","gender":"n/a","homeworld":"http://swapi.dev/api/planets/1/","films":["http://swapi.dev/api/films/1/"],"species":["http://swapi.dev/api/species/2/"],"vehicles":[],"starships":[],"created":"2014-12-10T15:57:50.959000Z","edited":"2014-12-20T21:17:50.321000Z","url":"http://swapi.dev/api/people/8/"},{"name":"Biggs Darklighter","height":"183","mass":"84","hair_color":"black","skin_color":"light","eye_color":"brown","birth_year":"24BBY","gender":"male","homeworld":"http://swapi.dev/api/planets/1/","films":["http://swapi.dev/api/films/1/"],"species":[],"vehicles":[],"starships":["http://swapi.dev/api/starships/12/"],"created":"2014-12-10T15:59:50.509000Z","edited":"2014-12-20T21:17:50.323000Z","url":"http://swapi.dev/api/people/9/"},{"name":"Obi-Wan Kenobi","height":"182","mass":"77","hair_color":"auburn, white","skin_color":"fair","eye_color":"blue-gray","birth_year":"57BBY","gender":"male","homeworld":"http://swapi.dev/api/planets/20/","films":["http://swapi.dev/api/films/1/","http://swapi.dev/api/films/2/","http://swapi.dev/api/films/3/","http://swapi.dev/api/films/4/","http://swapi.dev/api/films/5/","http://swapi.dev/api/films/6/"],"species":[],"vehicles":["http://swapi.dev/api/vehicles/38/"],"starships":["http://swapi.dev/api/starships/48/","http://swapi.dev/api/starships/59/","http://swapi.dev/api/starships/64/","http://swapi.dev/api/starships/65/","http://swapi.dev/api/starships/74/"],"created":"2014-12-10T16:16:29.192000Z","edited":"2014-12-20T21:17:50.325000Z","url":"http://swapi.dev/api/people/10/"}]}

18:55:52.732 [main] INFO  com.intuit.karate - found scenario at line: 15 - ^SWAPI get all people$
18:55:53.160 [main] INFO  com.intuit.karate - karate.env system property was: null 
18:55:53.666 [main] DEBUG com.intuit.karate - request:
1 > GET https://swapi.dev/api/people
1 > Accept-Encoding: gzip,deflate
1 > Connection: Keep-Alive
1 > Host: swapi.dev
1 > User-Agent: Apache-HttpClient/4.5.5 (Java/11.0.9)

18:55:54.343 [main] DEBUG com.intuit.karate - response time in milliseconds: 672.93
1 < 301
1 < Connection: keep-alive
1 < Content-Type: text/html; charset=utf-8
1 < Date: Tue, 29 Dec 2020 23:55:54 GMT
1 < ETag: "d41d8cd98f00b204e9800998ecf8427e"
1 < Location: http://swapi.dev/api/people/
1 < Server: nginx/1.16.1
1 < Strict-Transport-Security: max-age=15768000
1 < Transfer-Encoding: chunked
1 < X-Frame-Options: SAMEORIGIN


18:55:54.347 [main] DEBUG com.intuit.karate - request:
2 > GET https://swapi.dev/api/people
2 > Accept-Encoding: gzip,deflate
2 > Connection: Keep-Alive
2 > Host: swapi.dev
2 > User-Agent: Apache-HttpClient/4.5.5 (Java/11.0.9)

18:55:54.557 [main] DEBUG com.intuit.karate - response time in milliseconds: 208.90
2 < 301
2 < Connection: keep-alive
2 < Content-Length: 169
2 < Content-Type: text/html
2 < Date: Tue, 29 Dec 2020 23:55:54 GMT
2 < Location: https://swapi.dev/api/people/
2 < Server: nginx/1.16.1
<html>
<head><title>301 Moved Permanently</title></head>
<body>
<center><h1>301 Moved Permanently</h1></center>
<hr><center>nginx/1.16.1</center>
</body>
</html>


18:55:54.558 [main] DEBUG com.intuit.karate - request:
3 > GET https://swapi.dev/api/people
3 > Accept-Encoding: gzip,deflate
3 > Connection: Keep-Alive
3 > Host: swapi.dev
3 > User-Agent: Apache-HttpClient/4.5.5 (Java/11.0.9)

18:55:54.718 [main] DEBUG com.intuit.karate - response time in milliseconds: 159.63
3 < 200
3 < Allow: GET, HEAD, OPTIONS
3 < Connection: keep-alive
3 < Content-Type: application/json
3 < Date: Tue, 29 Dec 2020 23:55:54 GMT
3 < ETag: "35e90fa80df5a1200859818a74a65a4e"
3 < Server: nginx/1.16.1
3 < Strict-Transport-Security: max-age=15768000
3 < Transfer-Encoding: chunked
3 < Vary: Accept, Cookie
3 < X-Frame-Options: SAMEORIGIN
{"count":82,"next":"http://swapi.dev/api/people/?page=2","previous":null,"results":[{"name":"Luke Skywalker","height":"172","mass":"77","hair_color":"blond","skin_color":"fair","eye_color":"blue","birth_year":"19BBY","gender":"male","homeworld":"http://swapi.dev/api/planets/1/","films":["http://swapi.dev/api/films/1/","http://swapi.dev/api/films/2/","http://swapi.dev/api/films/3/","http://swapi.dev/api/films/6/"],"species":[],"vehicles":["http://swapi.dev/api/vehicles/14/","http://swapi.dev/api/vehicles/30/"],"starships":["http://swapi.dev/api/starships/12/","http://swapi.dev/api/starships/22/"],"created":"2014-12-09T13:50:51.644000Z","edited":"2014-12-20T21:17:56.891000Z","url":"http://swapi.dev/api/people/1/"},{"name":"C-3PO","height":"167","mass":"75","hair_color":"n/a","skin_color":"gold","eye_color":"yellow","birth_year":"112BBY","gender":"n/a","homeworld":"http://swapi.dev/api/planets/1/","films":["http://swapi.dev/api/films/1/","http://swapi.dev/api/films/2/","http://swapi.dev/api/films/3/","http://swapi.dev/api/films/4/","http://swapi.dev/api/films/5/","http://swapi.dev/api/films/6/"],"species":["http://swapi.dev/api/species/2/"],"vehicles":[],"starships":[],"created":"2014-12-10T15:10:51.357000Z","edited":"2014-12-20T21:17:50.309000Z","url":"http://swapi.dev/api/people/2/"},{"name":"R2-D2","height":"96","mass":"32","hair_color":"n/a","skin_color":"white, blue","eye_color":"red","birth_year":"33BBY","gender":"n/a","homeworld":"http://swapi.dev/api/planets/8/","films":["http://swapi.dev/api/films/1/","http://swapi.dev/api/films/2/","http://swapi.dev/api/films/3/","http://swapi.dev/api/films/4/","http://swapi.dev/api/films/5/","http://swapi.dev/api/films/6/"],"species":["http://swapi.dev/api/species/2/"],"vehicles":[],"starships":[],"created":"2014-12-10T15:11:50.376000Z","edited":"2014-12-20T21:17:50.311000Z","url":"http://swapi.dev/api/people/3/"},{"name":"Darth Vader","height":"202","mass":"136","hair_color":"none","skin_color":"white","eye_color":"yellow","birth_year":"41.9BBY","gender":"male","homeworld":"http://swapi.dev/api/planets/1/","films":["http://swapi.dev/api/films/1/","http://swapi.dev/api/films/2/","http://swapi.dev/api/films/3/","http://swapi.dev/api/films/6/"],"species":[],"vehicles":[],"starships":["http://swapi.dev/api/starships/13/"],"created":"2014-12-10T15:18:20.704000Z","edited":"2014-12-20T21:17:50.313000Z","url":"http://swapi.dev/api/people/4/"},{"name":"Leia Organa","height":"150","mass":"49","hair_color":"brown","skin_color":"light","eye_color":"brown","birth_year":"19BBY","gender":"female","homeworld":"http://swapi.dev/api/planets/2/","films":["http://swapi.dev/api/films/1/","http://swapi.dev/api/films/2/","http://swapi.dev/api/films/3/","http://swapi.dev/api/films/6/"],"species":[],"vehicles":["http://swapi.dev/api/vehicles/30/"],"starships":[],"created":"2014-12-10T15:20:09.791000Z","edited":"2014-12-20T21:17:50.315000Z","url":"http://swapi.dev/api/people/5/"},{"name":"Owen Lars","height":"178","mass":"120","hair_color":"brown, grey","skin_color":"light","eye_color":"blue","birth_year":"52BBY","gender":"male","homeworld":"http://swapi.dev/api/planets/1/","films":["http://swapi.dev/api/films/1/","http://swapi.dev/api/films/5/","http://swapi.dev/api/films/6/"],"species":[],"vehicles":[],"starships":[],"created":"2014-12-10T15:52:14.024000Z","edited":"2014-12-20T21:17:50.317000Z","url":"http://swapi.dev/api/people/6/"},{"name":"Beru Whitesun lars","height":"165","mass":"75","hair_color":"brown","skin_color":"light","eye_color":"blue","birth_year":"47BBY","gender":"female","homeworld":"http://swapi.dev/api/planets/1/","films":["http://swapi.dev/api/films/1/","http://swapi.dev/api/films/5/","http://swapi.dev/api/films/6/"],"species":[],"vehicles":[],"starships":[],"created":"2014-12-10T15:53:41.121000Z","edited":"2014-12-20T21:17:50.319000Z","url":"http://swapi.dev/api/people/7/"},{"name":"R5-D4","height":"97","mass":"32","hair_color":"n/a","skin_color":"white, red","eye_color":"red","birth_year":"unknown","gender":"n/a","homeworld":"http://swapi.dev/api/planets/1/","films":["http://swapi.dev/api/films/1/"],"species":["http://swapi.dev/api/species/2/"],"vehicles":[],"starships":[],"created":"2014-12-10T15:57:50.959000Z","edited":"2014-12-20T21:17:50.321000Z","url":"http://swapi.dev/api/people/8/"},{"name":"Biggs Darklighter","height":"183","mass":"84","hair_color":"black","skin_color":"light","eye_color":"brown","birth_year":"24BBY","gender":"male","homeworld":"http://swapi.dev/api/planets/1/","films":["http://swapi.dev/api/films/1/"],"species":[],"vehicles":[],"starships":["http://swapi.dev/api/starships/12/"],"created":"2014-12-10T15:59:50.509000Z","edited":"2014-12-20T21:17:50.323000Z","url":"http://swapi.dev/api/people/9/"},{"name":"Obi-Wan Kenobi","height":"182","mass":"77","hair_color":"auburn, white","skin_color":"fair","eye_color":"blue-gray","birth_year":"57BBY","gender":"male","homeworld":"http://swapi.dev/api/planets/20/","films":["http://swapi.dev/api/films/1/","http://swapi.dev/api/films/2/","http://swapi.dev/api/films/3/","http://swapi.dev/api/films/4/","http://swapi.dev/api/films/5/","http://swapi.dev/api/films/6/"],"species":[],"vehicles":["http://swapi.dev/api/vehicles/38/"],"starships":["http://swapi.dev/api/starships/48/","http://swapi.dev/api/starships/59/","http://swapi.dev/api/starships/64/","http://swapi.dev/api/starships/65/","http://swapi.dev/api/starships/74/"],"created":"2014-12-10T16:16:29.192000Z","edited":"2014-12-20T21:17:50.325000Z","url":"http://swapi.dev/api/people/10/"}]}

